<?xml version="1.0" encoding="UTF-8"?>
<!-- Generated by org.testng.reporters.JUnitReportReporter -->
<testsuite hostname="PUN-2YN8H92" name="com.jenkinsmaven.com.jenkinsmaven.AppTest" tests="2" failures="0" timestamp="19 Feb 2018 19:14:19 GMT" time="12.649" errors="0">
  <testcase name="firstTest" time="12.647" classname="com.jenkinsmaven.com.jenkinsmaven.AppTest"/>
  <testcase name="secondTest" time="0.002" classname="com.jenkinsmaven.com.jenkinsmaven.AppTest"/>
</testsuite> <!-- com.jenkinsmaven.com.jenkinsmaven.AppTest -->
