<?xml version="1.0" encoding="UTF-8"?>
<!-- Generated by org.testng.reporters.JUnitReportReporter -->
<testsuite hostname="PUN-2YN8H92" name="com.jenkinsmaven.JenkinsMavenTest" tests="2" failures="0" timestamp="21 Feb 2018 13:46:40 GMT" time="0.016" errors="0">
  <testcase name="secondTest" time="0.002" classname="com.jenkinsmaven.JenkinsMavenTest"/>
  <testcase name="firstTest" time="0.014" classname="com.jenkinsmaven.JenkinsMavenTest"/>
</testsuite> <!-- com.jenkinsmaven.JenkinsMavenTest -->
